[ 2017-07-31T15:48:11+08:00 ] 192.168.37.178 /thinkphp_3.2.3_full/index.php/Admin/Addgoods/ajaxData
INFO: [ app_begin ] --START--
INFO: Run Behavior\ReadHtmlCacheBehavior [ RunTime:0.000234s ]
INFO: [ app_begin ] --END-- [ RunTime:0.000490s ]
SQL: SHOW COLUMNS FROM `yp_second_sort` [ RunTime:0.0004s ]
SQL: SELECT `name`,`id` FROM `yp_second_sort` WHERE `first_sort_id` = 1  [ RunTime:0.0001s ]

[ 2017-07-31T16:08:44+08:00 ] 192.168.37.178 /thinkphp_3.2.3_full/index.php/Admin/Classify/ajaxshowClassify
INFO: [ app_begin ] --START--
INFO: Run Behavior\ReadHtmlCacheBehavior [ RunTime:0.000312s ]
INFO: [ app_begin ] --END-- [ RunTime:0.001189s ]
SQL: SHOW COLUMNS FROM `yp_second_sort` [ RunTime:0.0005s ]
SQL: SELECT `id`,`name` FROM `yp_second_sort` WHERE `first_sort_id` = 2  [ RunTime:0.0002s ]

[ 2017-07-31T16:09:32+08:00 ] 192.168.37.178 /thinkphp_3.2.3_full/index.php/Admin/Addgoods/ajaxData
INFO: [ app_begin ] --START--
INFO: Run Behavior\ReadHtmlCacheBehavior [ RunTime:0.000669s ]
INFO: [ app_begin ] --END-- [ RunTime:0.001106s ]
SQL: SHOW COLUMNS FROM `yp_second_sort` [ RunTime:0.0010s ]
SQL: SELECT `name`,`id` FROM `yp_second_sort` WHERE `first_sort_id` = 2  [ RunTime:0.0009s ]

[ 2017-07-31T16:25:06+08:00 ] 192.168.37.178 /thinkphp_3.2.3_full/index.php/Admin/Showgoods/changeStatus
INFO: [ app_begin ] --START--
INFO: Run Behavior\ReadHtmlCacheBehavior [ RunTime:0.000337s ]
INFO: [ app_begin ] --END-- [ RunTime:0.000560s ]
SQL: SHOW COLUMNS FROM `yp_goods` [ RunTime:0.0006s ]
SQL: UPDATE `yp_goods` SET `goods_status`='2' WHERE `id` = 15 [ RunTime:0.0285s ]

[ 2017-07-31T16:39:48+08:00 ] 192.168.37.178 /thinkphp_3.2.3_full/index.php/Admin/Addgoods/ajaxData
INFO: [ app_begin ] --START--
INFO: Run Behavior\ReadHtmlCacheBehavior [ RunTime:0.000552s ]
INFO: [ app_begin ] --END-- [ RunTime:0.001013s ]
SQL: SHOW COLUMNS FROM `yp_second_sort` [ RunTime:0.0005s ]
SQL: SELECT `name`,`id` FROM `yp_second_sort` WHERE `first_sort_id` = 1  [ RunTime:0.0002s ]

[ 2017-07-31T16:39:50+08:00 ] 192.168.37.178 /thinkphp_3.2.3_full/index.php/Admin/Addgoods/ajaxData
INFO: [ app_begin ] --START--
INFO: Run Behavior\ReadHtmlCacheBehavior [ RunTime:0.000567s ]
INFO: [ app_begin ] --END-- [ RunTime:0.001102s ]
SQL: SHOW COLUMNS FROM `yp_second_sort` [ RunTime:0.0008s ]
SQL: SELECT `name`,`id` FROM `yp_second_sort` WHERE `first_sort_id` = 2  [ RunTime:0.0003s ]

[ 2017-07-31T16:50:03+08:00 ] 192.168.37.40 /thinkphp_3.2.3_full/index.php/Admin/Classify/ajaxshowClassify
INFO: [ app_begin ] --START--
INFO: Run Behavior\ReadHtmlCacheBehavior [ RunTime:0.000572s ]
INFO: [ app_begin ] --END-- [ RunTime:0.001030s ]
SQL: SHOW COLUMNS FROM `yp_second_sort` [ RunTime:0.0010s ]
SQL: SELECT `id`,`name` FROM `yp_second_sort` WHERE `first_sort_id` = 1  [ RunTime:0.0004s ]

[ 2017-07-31T16:50:05+08:00 ] 192.168.37.40 /thinkphp_3.2.3_full/index.php/Admin/Classify/ajaxshowClassify
INFO: [ app_begin ] --START--
INFO: Run Behavior\ReadHtmlCacheBehavior [ RunTime:0.000652s ]
INFO: [ app_begin ] --END-- [ RunTime:0.001078s ]
SQL: SHOW COLUMNS FROM `yp_second_sort` [ RunTime:0.0010s ]
SQL: SELECT `id`,`name` FROM `yp_second_sort` WHERE `first_sort_id` = 2  [ RunTime:0.0003s ]

[ 2017-07-31T16:50:07+08:00 ] 192.168.37.40 /thinkphp_3.2.3_full/index.php/Admin/Classify/ajaxshowClassify
INFO: [ app_begin ] --START--
INFO: Run Behavior\ReadHtmlCacheBehavior [ RunTime:0.000627s ]
INFO: [ app_begin ] --END-- [ RunTime:0.001037s ]
SQL: SHOW COLUMNS FROM `yp_second_sort` [ RunTime:0.0264s ]
SQL: SELECT `id`,`name` FROM `yp_second_sort` WHERE `first_sort_id` = 3  [ RunTime:0.0002s ]

[ 2017-07-31T16:50:09+08:00 ] 192.168.37.40 /thinkphp_3.2.3_full/index.php/Admin/Classify/ajaxshowClassify
INFO: [ app_begin ] --START--
INFO: Run Behavior\ReadHtmlCacheBehavior [ RunTime:0.000640s ]
INFO: [ app_begin ] --END-- [ RunTime:0.001057s ]
SQL: SHOW COLUMNS FROM `yp_second_sort` [ RunTime:0.0008s ]
SQL: SELECT `id`,`name` FROM `yp_second_sort` WHERE `first_sort_id` = 4  [ RunTime:0.0003s ]

[ 2017-07-31T16:50:10+08:00 ] 192.168.37.40 /thinkphp_3.2.3_full/index.php/Admin/Classify/ajaxshowClassify
INFO: [ app_begin ] --START--
INFO: Run Behavior\ReadHtmlCacheBehavior [ RunTime:0.000623s ]
INFO: [ app_begin ] --END-- [ RunTime:0.001043s ]
SQL: SHOW COLUMNS FROM `yp_second_sort` [ RunTime:0.0011s ]
SQL: SELECT `id`,`name` FROM `yp_second_sort` WHERE `first_sort_id` = 5  [ RunTime:0.0004s ]

[ 2017-07-31T16:50:11+08:00 ] 192.168.37.40 /thinkphp_3.2.3_full/index.php/Admin/Classify/ajaxshowClassify
INFO: [ app_begin ] --START--
INFO: Run Behavior\ReadHtmlCacheBehavior [ RunTime:0.000632s ]
INFO: [ app_begin ] --END-- [ RunTime:0.004307s ]
SQL: SHOW COLUMNS FROM `yp_second_sort` [ RunTime:0.0008s ]
SQL: SELECT `id`,`name` FROM `yp_second_sort` WHERE `first_sort_id` = 6  [ RunTime:0.0003s ]

[ 2017-07-31T16:50:12+08:00 ] 192.168.37.40 /thinkphp_3.2.3_full/index.php/Admin/Classify/ajaxshowClassify
INFO: [ app_begin ] --START--
INFO: Run Behavior\ReadHtmlCacheBehavior [ RunTime:0.000444s ]
INFO: [ app_begin ] --END-- [ RunTime:0.000938s ]
SQL: SHOW COLUMNS FROM `yp_second_sort` [ RunTime:0.0020s ]
SQL: SELECT `id`,`name` FROM `yp_second_sort` WHERE `first_sort_id` = 7  [ RunTime:0.0004s ]

[ 2017-07-31T16:50:13+08:00 ] 192.168.37.40 /thinkphp_3.2.3_full/index.php/Admin/Classify/ajaxshowClassify
INFO: [ app_begin ] --START--
INFO: Run Behavior\ReadHtmlCacheBehavior [ RunTime:0.000620s ]
INFO: [ app_begin ] --END-- [ RunTime:0.001086s ]
SQL: SHOW COLUMNS FROM `yp_second_sort` [ RunTime:0.0007s ]
SQL: SELECT `id`,`name` FROM `yp_second_sort` WHERE `first_sort_id` = 8  [ RunTime:0.0003s ]

[ 2017-07-31T16:50:14+08:00 ] 192.168.37.40 /thinkphp_3.2.3_full/index.php/Admin/Classify/ajaxshowClassify
INFO: [ app_begin ] --START--
INFO: Run Behavior\ReadHtmlCacheBehavior [ RunTime:0.000528s ]
INFO: [ app_begin ] --END-- [ RunTime:0.001010s ]
SQL: SHOW COLUMNS FROM `yp_second_sort` [ RunTime:0.0007s ]
SQL: SELECT `id`,`name` FROM `yp_second_sort` WHERE `first_sort_id` = 9  [ RunTime:0.0004s ]

[ 2017-07-31T16:50:14+08:00 ] 192.168.37.40 /thinkphp_3.2.3_full/index.php/Admin/Classify/ajaxshowClassify
INFO: [ app_begin ] --START--
INFO: Run Behavior\ReadHtmlCacheBehavior [ RunTime:0.000617s ]
INFO: [ app_begin ] --END-- [ RunTime:0.001126s ]
SQL: SHOW COLUMNS FROM `yp_second_sort` [ RunTime:0.0009s ]
SQL: SELECT `id`,`name` FROM `yp_second_sort` WHERE `first_sort_id` = 10  [ RunTime:0.0003s ]

[ 2017-07-31T16:50:24+08:00 ] 192.168.37.40 /thinkphp_3.2.3_full/index.php/Admin/Showgoods/changeStatus
INFO: [ app_begin ] --START--
INFO: Run Behavior\ReadHtmlCacheBehavior [ RunTime:0.000616s ]
INFO: [ app_begin ] --END-- [ RunTime:0.001103s ]
SQL: SHOW COLUMNS FROM `yp_goods` [ RunTime:0.0259s ]
SQL: UPDATE `yp_goods` SET `goods_status`='1' WHERE `id` = 1 [ RunTime:0.0279s ]

[ 2017-07-31T16:50:27+08:00 ] 192.168.37.40 /thinkphp_3.2.3_full/index.php/Admin/Showgoods/changeStatus
INFO: [ app_begin ] --START--
INFO: Run Behavior\ReadHtmlCacheBehavior [ RunTime:0.000267s ]
INFO: [ app_begin ] --END-- [ RunTime:0.000493s ]
SQL: SHOW COLUMNS FROM `yp_goods` [ RunTime:0.0005s ]
SQL: UPDATE `yp_goods` SET `goods_status`='2' WHERE `id` = 1 [ RunTime:0.0371s ]

[ 2017-07-31T16:52:07+08:00 ] 192.168.37.40 /thinkphp_3.2.3_full/index.php/Admin/Classify/ajaxshowClassify
INFO: [ app_begin ] --START--
INFO: Run Behavior\ReadHtmlCacheBehavior [ RunTime:0.000525s ]
INFO: [ app_begin ] --END-- [ RunTime:0.000949s ]
SQL: SHOW COLUMNS FROM `yp_second_sort` [ RunTime:0.0008s ]
SQL: SELECT `id`,`name` FROM `yp_second_sort` WHERE `first_sort_id` = 1  [ RunTime:0.0003s ]

[ 2017-07-31T16:52:08+08:00 ] 192.168.37.40 /thinkphp_3.2.3_full/index.php/Admin/Classify/ajaxshowClassify
INFO: [ app_begin ] --START--
INFO: Run Behavior\ReadHtmlCacheBehavior [ RunTime:0.000646s ]
INFO: [ app_begin ] --END-- [ RunTime:0.001054s ]
SQL: SHOW COLUMNS FROM `yp_second_sort` [ RunTime:0.0010s ]
SQL: SELECT `id`,`name` FROM `yp_second_sort` WHERE `first_sort_id` = 2  [ RunTime:0.0004s ]

[ 2017-07-31T16:52:26+08:00 ] 192.168.37.40 /thinkphp_3.2.3_full/index.php/Admin/Classify/ajaxshowClassify
INFO: [ app_begin ] --START--
INFO: Run Behavior\ReadHtmlCacheBehavior [ RunTime:0.000918s ]
INFO: [ app_begin ] --END-- [ RunTime:0.001342s ]
SQL: SHOW COLUMNS FROM `yp_second_sort` [ RunTime:0.0009s ]
SQL: SELECT `id`,`name` FROM `yp_second_sort` WHERE `first_sort_id` = 1  [ RunTime:0.0014s ]

[ 2017-07-31T16:52:27+08:00 ] 192.168.37.40 /thinkphp_3.2.3_full/index.php/Admin/Classify/ajaxshowClassify
INFO: [ app_begin ] --START--
INFO: Run Behavior\ReadHtmlCacheBehavior [ RunTime:0.000588s ]
INFO: [ app_begin ] --END-- [ RunTime:0.000970s ]
SQL: SHOW COLUMNS FROM `yp_second_sort` [ RunTime:0.0008s ]
SQL: SELECT `id`,`name` FROM `yp_second_sort` WHERE `first_sort_id` = 2  [ RunTime:0.0003s ]

[ 2017-07-31T16:52:35+08:00 ] 192.168.37.40 /thinkphp_3.2.3_full/index.php/Admin/Classify/ajaxshowClassify
INFO: [ app_begin ] --START--
INFO: Run Behavior\ReadHtmlCacheBehavior [ RunTime:0.000584s ]
INFO: [ app_begin ] --END-- [ RunTime:0.001061s ]
SQL: SHOW COLUMNS FROM `yp_second_sort` [ RunTime:0.0009s ]
SQL: SELECT `id`,`name` FROM `yp_second_sort` WHERE `first_sort_id` = 1  [ RunTime:0.0003s ]

[ 2017-07-31T16:52:39+08:00 ] 192.168.37.40 /thinkphp_3.2.3_full/index.php/Admin/Classify/ajaxshowClassify
INFO: [ app_begin ] --START--
INFO: Run Behavior\ReadHtmlCacheBehavior [ RunTime:0.000594s ]
INFO: [ app_begin ] --END-- [ RunTime:0.001103s ]
SQL: SHOW COLUMNS FROM `yp_second_sort` [ RunTime:0.0008s ]
SQL: SELECT `id`,`name` FROM `yp_second_sort` WHERE `first_sort_id` = 2  [ RunTime:0.0003s ]

[ 2017-07-31T16:52:40+08:00 ] 192.168.37.40 /thinkphp_3.2.3_full/index.php/Admin/Classify/ajaxshowClassify
INFO: [ app_begin ] --START--
INFO: Run Behavior\ReadHtmlCacheBehavior [ RunTime:0.000336s ]
INFO: [ app_begin ] --END-- [ RunTime:0.000582s ]
SQL: SHOW COLUMNS FROM `yp_second_sort` [ RunTime:0.0006s ]
SQL: SELECT `id`,`name` FROM `yp_second_sort` WHERE `first_sort_id` = 3  [ RunTime:0.0002s ]

[ 2017-07-31T16:52:41+08:00 ] 192.168.37.40 /thinkphp_3.2.3_full/index.php/Admin/Classify/ajaxshowClassify
INFO: [ app_begin ] --START--
INFO: Run Behavior\ReadHtmlCacheBehavior [ RunTime:0.000555s ]
INFO: [ app_begin ] --END-- [ RunTime:0.001017s ]
SQL: SHOW COLUMNS FROM `yp_second_sort` [ RunTime:0.0008s ]
SQL: SELECT `id`,`name` FROM `yp_second_sort` WHERE `first_sort_id` = 4  [ RunTime:0.0003s ]

[ 2017-07-31T16:52:42+08:00 ] 192.168.37.40 /thinkphp_3.2.3_full/index.php/Admin/Classify/ajaxshowClassify
INFO: [ app_begin ] --START--
INFO: Run Behavior\ReadHtmlCacheBehavior [ RunTime:0.000713s ]
INFO: [ app_begin ] --END-- [ RunTime:0.001134s ]
SQL: SHOW COLUMNS FROM `yp_second_sort` [ RunTime:0.0023s ]
SQL: SELECT `id`,`name` FROM `yp_second_sort` WHERE `first_sort_id` = 5  [ RunTime:0.0003s ]

[ 2017-07-31T16:52:43+08:00 ] 192.168.37.40 /thinkphp_3.2.3_full/index.php/Admin/Classify/ajaxshowClassify
INFO: [ app_begin ] --START--
INFO: Run Behavior\ReadHtmlCacheBehavior [ RunTime:0.000621s ]
INFO: [ app_begin ] --END-- [ RunTime:0.001010s ]
SQL: SHOW COLUMNS FROM `yp_second_sort` [ RunTime:0.0008s ]
SQL: SELECT `id`,`name` FROM `yp_second_sort` WHERE `first_sort_id` = 6  [ RunTime:0.0003s ]

[ 2017-07-31T16:52:46+08:00 ] 192.168.37.40 /thinkphp_3.2.3_full/index.php/Admin/Classify/ajaxshowClassify
INFO: [ app_begin ] --START--
INFO: Run Behavior\ReadHtmlCacheBehavior [ RunTime:0.000648s ]
INFO: [ app_begin ] --END-- [ RunTime:0.001072s ]
SQL: SHOW COLUMNS FROM `yp_second_sort` [ RunTime:0.0010s ]
SQL: SELECT `id`,`name` FROM `yp_second_sort` WHERE `first_sort_id` = 7  [ RunTime:0.0004s ]

[ 2017-07-31T16:52:47+08:00 ] 192.168.37.40 /thinkphp_3.2.3_full/index.php/Admin/Classify/ajaxshowClassify
INFO: [ app_begin ] --START--
INFO: Run Behavior\ReadHtmlCacheBehavior [ RunTime:0.000364s ]
INFO: [ app_begin ] --END-- [ RunTime:0.000626s ]
SQL: SHOW COLUMNS FROM `yp_second_sort` [ RunTime:0.0006s ]
SQL: SELECT `id`,`name` FROM `yp_second_sort` WHERE `first_sort_id` = 8  [ RunTime:0.0002s ]

[ 2017-07-31T16:52:47+08:00 ] 192.168.37.40 /thinkphp_3.2.3_full/index.php/Admin/Classify/ajaxshowClassify
INFO: [ app_begin ] --START--
INFO: Run Behavior\ReadHtmlCacheBehavior [ RunTime:0.000547s ]
INFO: [ app_begin ] --END-- [ RunTime:0.000880s ]
SQL: SHOW COLUMNS FROM `yp_second_sort` [ RunTime:0.0004s ]
SQL: SELECT `id`,`name` FROM `yp_second_sort` WHERE `first_sort_id` = 9  [ RunTime:0.0001s ]

[ 2017-07-31T16:52:48+08:00 ] 192.168.37.40 /thinkphp_3.2.3_full/index.php/Admin/Classify/ajaxshowClassify
INFO: [ app_begin ] --START--
INFO: Run Behavior\ReadHtmlCacheBehavior [ RunTime:0.000693s ]
INFO: [ app_begin ] --END-- [ RunTime:0.001267s ]
SQL: SHOW COLUMNS FROM `yp_second_sort` [ RunTime:0.0008s ]
SQL: SELECT `id`,`name` FROM `yp_second_sort` WHERE `first_sort_id` = 10  [ RunTime:0.0003s ]

[ 2017-07-31T16:53:11+08:00 ] 192.168.37.40 /thinkphp_3.2.3_full/index.php/Admin/Orders/form-amazeui.html
ERR: 非法操作:form-amazeui

[ 2017-07-31T16:54:06+08:00 ] 192.168.37.40 /thinkphp_3.2.3_full/index.php/Admin/Classify/ajaxshowClassify
INFO: [ app_begin ] --START--
INFO: Run Behavior\ReadHtmlCacheBehavior [ RunTime:0.000535s ]
INFO: [ app_begin ] --END-- [ RunTime:0.000973s ]
SQL: SHOW COLUMNS FROM `yp_second_sort` [ RunTime:0.0010s ]
SQL: SELECT `id`,`name` FROM `yp_second_sort` WHERE `first_sort_id` = 1  [ RunTime:0.0003s ]

[ 2017-07-31T16:54:14+08:00 ] 192.168.37.40 /thinkphp_3.2.3_full/index.php/Admin/Classify/ajaxshowClassify
INFO: [ app_begin ] --START--
INFO: Run Behavior\ReadHtmlCacheBehavior [ RunTime:0.000585s ]
INFO: [ app_begin ] --END-- [ RunTime:0.001066s ]
SQL: SHOW COLUMNS FROM `yp_second_sort` [ RunTime:0.0004s ]
SQL: SELECT `id`,`name` FROM `yp_second_sort` WHERE `first_sort_id` = 2  [ RunTime:0.0001s ]

[ 2017-07-31T16:54:16+08:00 ] 192.168.37.40 /thinkphp_3.2.3_full/index.php/Admin/Classify/ajaxshowClassify
INFO: [ app_begin ] --START--
INFO: Run Behavior\ReadHtmlCacheBehavior [ RunTime:0.000660s ]
INFO: [ app_begin ] --END-- [ RunTime:0.001123s ]
SQL: SHOW COLUMNS FROM `yp_second_sort` [ RunTime:0.0005s ]
SQL: SELECT `id`,`name` FROM `yp_second_sort` WHERE `first_sort_id` = 3  [ RunTime:0.0002s ]

[ 2017-07-31T16:54:19+08:00 ] 192.168.37.40 /thinkphp_3.2.3_full/index.php/Admin/Classify/ajaxshowClassify
INFO: [ app_begin ] --START--
INFO: Run Behavior\ReadHtmlCacheBehavior [ RunTime:0.000603s ]
INFO: [ app_begin ] --END-- [ RunTime:0.001090s ]
SQL: SHOW COLUMNS FROM `yp_second_sort` [ RunTime:0.0009s ]
SQL: SELECT `id`,`name` FROM `yp_second_sort` WHERE `first_sort_id` = 4  [ RunTime:0.0003s ]

[ 2017-07-31T16:54:21+08:00 ] 192.168.37.40 /thinkphp_3.2.3_full/index.php/Admin/Classify/ajaxshowClassify
INFO: [ app_begin ] --START--
INFO: Run Behavior\ReadHtmlCacheBehavior [ RunTime:0.000602s ]
INFO: [ app_begin ] --END-- [ RunTime:0.001121s ]
SQL: SHOW COLUMNS FROM `yp_second_sort` [ RunTime:0.0192s ]
SQL: SELECT `id`,`name` FROM `yp_second_sort` WHERE `first_sort_id` = 5  [ RunTime:0.0002s ]

[ 2017-07-31T16:54:26+08:00 ] 192.168.37.40 /thinkphp_3.2.3_full/index.php/Admin/Classify/ajaxshowClassify
INFO: [ app_begin ] --START--
INFO: Run Behavior\ReadHtmlCacheBehavior [ RunTime:0.000554s ]
INFO: [ app_begin ] --END-- [ RunTime:0.001054s ]
SQL: SHOW COLUMNS FROM `yp_second_sort` [ RunTime:0.0019s ]
SQL: SELECT `id`,`name` FROM `yp_second_sort` WHERE `first_sort_id` = 6  [ RunTime:0.0007s ]

[ 2017-07-31T17:02:06+08:00 ] 192.168.37.178 /thinkphp_3.2.3_full/index.php/Admin/Addgoods/ajaxData
INFO: [ app_begin ] --START--
INFO: Run Behavior\ReadHtmlCacheBehavior [ RunTime:0.000622s ]
INFO: [ app_begin ] --END-- [ RunTime:0.001052s ]
SQL: SHOW COLUMNS FROM `yp_second_sort` [ RunTime:0.0010s ]
SQL: SELECT `name`,`id` FROM `yp_second_sort` WHERE `first_sort_id` = 2  [ RunTime:0.0004s ]

[ 2017-07-31T17:07:18+08:00 ] 192.168.37.178 /thinkphp_3.2.3_full/index.php/Admin/Showgoods/secondSort
INFO: [ app_begin ] --START--
INFO: Run Behavior\ReadHtmlCacheBehavior [ RunTime:0.000592s ]
INFO: [ app_begin ] --END-- [ RunTime:0.001153s ]
SQL: SHOW COLUMNS FROM `yp_second_sort` [ RunTime:0.0009s ]
SQL: SELECT `id`,`name` FROM `yp_second_sort` WHERE `first_sort_id` = 2  [ RunTime:0.0004s ]

[ 2017-07-31T17:07:28+08:00 ] 192.168.37.178 /thinkphp_3.2.3_full/index.php/Admin/Showgoods/changeStatus
INFO: [ app_begin ] --START--
INFO: Run Behavior\ReadHtmlCacheBehavior [ RunTime:0.000718s ]
INFO: [ app_begin ] --END-- [ RunTime:0.001168s ]
SQL: SHOW COLUMNS FROM `yp_goods` [ RunTime:0.0006s ]
SQL: UPDATE `yp_goods` SET `goods_status`='2' WHERE `id` = 16 [ RunTime:0.0893s ]

[ 2017-07-31T17:11:18+08:00 ] 192.168.37.178 /thinkphp_3.2.3_full/index.php/Admin/Showgoods/secondSort
INFO: [ app_begin ] --START--
INFO: Run Behavior\ReadHtmlCacheBehavior [ RunTime:0.000602s ]
INFO: [ app_begin ] --END-- [ RunTime:0.001109s ]
SQL: SHOW COLUMNS FROM `yp_second_sort` [ RunTime:0.0009s ]
SQL: SELECT `id`,`name` FROM `yp_second_sort` WHERE `first_sort_id` = 0  [ RunTime:0.0004s ]

[ 2017-07-31T17:16:12+08:00 ] 192.168.37.178 /thinkphp_3.2.3_full/index.php/Admin/Addgoods/ajaxData
INFO: [ app_begin ] --START--
INFO: Run Behavior\ReadHtmlCacheBehavior [ RunTime:0.000642s ]
INFO: [ app_begin ] --END-- [ RunTime:0.001260s ]
SQL: SHOW COLUMNS FROM `yp_second_sort` [ RunTime:0.0009s ]
SQL: SELECT `name`,`id` FROM `yp_second_sort` WHERE `first_sort_id` = 1  [ RunTime:0.0004s ]

[ 2017-07-31T17:16:14+08:00 ] 192.168.37.178 /thinkphp_3.2.3_full/index.php/Admin/Addgoods/ajaxData
INFO: [ app_begin ] --START--
INFO: Run Behavior\ReadHtmlCacheBehavior [ RunTime:0.000226s ]
INFO: [ app_begin ] --END-- [ RunTime:0.000391s ]
SQL: SHOW COLUMNS FROM `yp_second_sort` [ RunTime:0.0004s ]
SQL: SELECT `name`,`id` FROM `yp_second_sort` WHERE `first_sort_id` = 2  [ RunTime:0.0001s ]

[ 2017-07-31T17:51:07+08:00 ] 192.168.37.234 /thinkphp_3.2.3_full/index.php/Admin/User/changestatus.html
INFO: [ app_begin ] --START--
INFO: Run Behavior\ReadHtmlCacheBehavior [ RunTime:0.000673s ]
INFO: [ app_begin ] --END-- [ RunTime:0.001152s ]
SQL: SHOW COLUMNS FROM `yp_user` [ RunTime:0.0006s ]
SQL: UPDATE `yp_user` SET `status`='0' WHERE `id` = 9 [ RunTime:0.0258s ]

[ 2017-07-31T17:51:08+08:00 ] 192.168.37.234 /thinkphp_3.2.3_full/index.php/Admin/User/changestatus.html
INFO: [ app_begin ] --START--
INFO: Run Behavior\ReadHtmlCacheBehavior [ RunTime:0.000634s ]
INFO: [ app_begin ] --END-- [ RunTime:0.001049s ]
SQL: SHOW COLUMNS FROM `yp_user` [ RunTime:0.0008s ]
SQL: UPDATE `yp_user` SET `status`='1' WHERE `id` = 9 [ RunTime:0.0121s ]

[ 2017-07-31T17:51:09+08:00 ] 192.168.37.234 /thinkphp_3.2.3_full/index.php/Admin/User/changestatus.html
INFO: [ app_begin ] --START--
INFO: Run Behavior\ReadHtmlCacheBehavior [ RunTime:0.000623s ]
INFO: [ app_begin ] --END-- [ RunTime:0.001122s ]
SQL: SHOW COLUMNS FROM `yp_user` [ RunTime:0.0011s ]
SQL: UPDATE `yp_user` SET `status`='0' WHERE `id` = 10 [ RunTime:0.0119s ]

[ 2017-07-31T17:51:19+08:00 ] 192.168.37.234 /thinkphp_3.2.3_full/index.php/Admin/User/changestatus.html
INFO: [ app_begin ] --START--
INFO: Run Behavior\ReadHtmlCacheBehavior [ RunTime:0.000586s ]
INFO: [ app_begin ] --END-- [ RunTime:0.000989s ]
SQL: SHOW COLUMNS FROM `yp_user` [ RunTime:0.0010s ]
SQL: UPDATE `yp_user` SET `status`='0' WHERE `id` = 9 [ RunTime:0.0826s ]

[ 2017-07-31T18:27:48+08:00 ] 192.168.37.178 /thinkphp_3.2.3_full/index.php/Admin/Showgoods/changeStatus
INFO: [ app_begin ] --START--
INFO: Run Behavior\ReadHtmlCacheBehavior [ RunTime:0.000718s ]
INFO: [ app_begin ] --END-- [ RunTime:0.001150s ]
SQL: SHOW COLUMNS FROM `yp_goods` [ RunTime:0.0011s ]
SQL: UPDATE `yp_goods` SET `goods_status`='2' WHERE `id` = 6 [ RunTime:0.0281s ]

[ 2017-07-31T18:27:51+08:00 ] 192.168.37.178 /thinkphp_3.2.3_full/index.php/Admin/Showgoods/changeStatus
INFO: [ app_begin ] --START--
INFO: Run Behavior\ReadHtmlCacheBehavior [ RunTime:0.000634s ]
INFO: [ app_begin ] --END-- [ RunTime:0.001045s ]
SQL: SHOW COLUMNS FROM `yp_goods` [ RunTime:0.0015s ]
SQL: UPDATE `yp_goods` SET `goods_status`='2' WHERE `id` = 7 [ RunTime:0.0738s ]

[ 2017-07-31T18:27:53+08:00 ] 192.168.37.178 /thinkphp_3.2.3_full/index.php/Admin/Showgoods/changeStatus
INFO: [ app_begin ] --START--
INFO: Run Behavior\ReadHtmlCacheBehavior [ RunTime:0.000705s ]
INFO: [ app_begin ] --END-- [ RunTime:0.001262s ]
SQL: SHOW COLUMNS FROM `yp_goods` [ RunTime:0.0012s ]
SQL: UPDATE `yp_goods` SET `goods_status`='2' WHERE `id` = 10 [ RunTime:0.0230s ]

[ 2017-07-31T18:29:02+08:00 ] 192.168.37.178 /thinkphp_3.2.3_full/index.php/Admin/Addgoods/ajaxData
INFO: [ app_begin ] --START--
INFO: Run Behavior\ReadHtmlCacheBehavior [ RunTime:0.000598s ]
INFO: [ app_begin ] --END-- [ RunTime:0.001096s ]
SQL: SHOW COLUMNS FROM `yp_second_sort` [ RunTime:0.0009s ]
SQL: SELECT `name`,`id` FROM `yp_second_sort` WHERE `first_sort_id` = 1  [ RunTime:0.0005s ]

[ 2017-07-31T18:29:04+08:00 ] 192.168.37.178 /thinkphp_3.2.3_full/index.php/Admin/Addgoods/ajaxData
INFO: [ app_begin ] --START--
INFO: Run Behavior\ReadHtmlCacheBehavior [ RunTime:0.000646s ]
INFO: [ app_begin ] --END-- [ RunTime:0.001179s ]
SQL: SHOW COLUMNS FROM `yp_second_sort` [ RunTime:0.0009s ]
SQL: SELECT `name`,`id` FROM `yp_second_sort` WHERE `first_sort_id` = 2  [ RunTime:0.0017s ]

[ 2017-07-31T18:38:17+08:00 ] 192.168.37.178 /thinkphp_3.2.3_full/index.php/Admin/Addgoods/ajaxData
INFO: [ app_begin ] --START--
INFO: Run Behavior\ReadHtmlCacheBehavior [ RunTime:0.000258s ]
INFO: [ app_begin ] --END-- [ RunTime:0.000447s ]
SQL: SHOW COLUMNS FROM `yp_second_sort` [ RunTime:0.0004s ]
SQL: SELECT `name`,`id` FROM `yp_second_sort` WHERE `first_sort_id` = 2  [ RunTime:0.0002s ]

[ 2017-07-31T18:38:29+08:00 ] 192.168.37.178 /thinkphp_3.2.3_full/index.php/Admin/Classify/ajaxshowClassify
INFO: [ app_begin ] --START--
INFO: Run Behavior\ReadHtmlCacheBehavior [ RunTime:0.000591s ]
INFO: [ app_begin ] --END-- [ RunTime:0.001080s ]
SQL: SHOW COLUMNS FROM `yp_second_sort` [ RunTime:0.0005s ]
SQL: SELECT `id`,`name` FROM `yp_second_sort` WHERE `first_sort_id` = 2  [ RunTime:0.0003s ]

[ 2017-07-31T18:38:41+08:00 ] 192.168.37.178 /thinkphp_3.2.3_full/index.php/Admin/Classify/deletesecondClassify
INFO: [ app_begin ] --START--
INFO: Run Behavior\ReadHtmlCacheBehavior [ RunTime:0.000658s ]
INFO: [ app_begin ] --END-- [ RunTime:0.001090s ]
SQL: SHOW COLUMNS FROM `yp_goods` [ RunTime:0.0004s ]
SQL: SELECT `id` FROM `yp_goods` WHERE `id` = 4 LIMIT 1   [ RunTime:0.0002s ]

[ 2017-07-31T18:38:54+08:00 ] 192.168.37.178 /thinkphp_3.2.3_full/index.php/Admin/Classify/deletesecondClassify
INFO: [ app_begin ] --START--
INFO: Run Behavior\ReadHtmlCacheBehavior [ RunTime:0.000672s ]
INFO: [ app_begin ] --END-- [ RunTime:0.001158s ]
SQL: SHOW COLUMNS FROM `yp_goods` [ RunTime:0.0006s ]
SQL: SELECT `id` FROM `yp_goods` WHERE `id` = 5 LIMIT 1   [ RunTime:0.0003s ]

[ 2017-07-31T18:56:59+08:00 ] 192.168.37.178 /thinkphp_3.2.3_full/index.php/Admin/Classify/ajaxshowClassify
INFO: [ app_begin ] --START--
INFO: Run Behavior\ReadHtmlCacheBehavior [ RunTime:0.001035s ]
INFO: [ app_begin ] --END-- [ RunTime:0.001548s ]
SQL: SHOW COLUMNS FROM `yp_second_sort` [ RunTime:0.0009s ]
SQL: SELECT `id`,`name` FROM `yp_second_sort` WHERE `first_sort_id` = 2  [ RunTime:0.0004s ]

[ 2017-07-31T18:57:24+08:00 ] 192.168.37.178 /thinkphp_3.2.3_full/index.php/Admin/Classify/deletesecondClassify
INFO: [ app_begin ] --START--
INFO: Run Behavior\ReadHtmlCacheBehavior [ RunTime:0.000526s ]
INFO: [ app_begin ] --END-- [ RunTime:0.000870s ]
SQL: SHOW COLUMNS FROM `yp_goods` [ RunTime:0.0009s ]
SQL: SELECT `id` FROM `yp_goods` WHERE `second_sort_id` = 4 LIMIT 1   [ RunTime:0.0005s ]
SQL: SHOW COLUMNS FROM `yp_second_sort` [ RunTime:0.0007s ]
SQL: DELETE FROM `yp_second_sort` WHERE `id` = 4 [ RunTime:0.0315s ]

[ 2017-07-31T18:57:28+08:00 ] 192.168.37.178 /thinkphp_3.2.3_full/index.php/Admin/Classify/ajaxshowClassify
INFO: [ app_begin ] --START--
INFO: Run Behavior\ReadHtmlCacheBehavior [ RunTime:0.000541s ]
INFO: [ app_begin ] --END-- [ RunTime:0.001038s ]
SQL: SHOW COLUMNS FROM `yp_second_sort` [ RunTime:0.0009s ]
SQL: SELECT `id`,`name` FROM `yp_second_sort` WHERE `first_sort_id` = 2  [ RunTime:0.0003s ]

[ 2017-07-31T18:58:05+08:00 ] 192.168.37.178 /thinkphp_3.2.3_full/index.php/Admin/Addgoods/ajaxData
INFO: [ app_begin ] --START--
INFO: Run Behavior\ReadHtmlCacheBehavior [ RunTime:0.000637s ]
INFO: [ app_begin ] --END-- [ RunTime:0.001422s ]
SQL: SHOW COLUMNS FROM `yp_second_sort` [ RunTime:0.0004s ]
SQL: SELECT `name`,`id` FROM `yp_second_sort` WHERE `first_sort_id` = 2  [ RunTime:0.0001s ]

[ 2017-07-31T19:00:46+08:00 ] 192.168.37.178 /thinkphp_3.2.3_full/index.php/Admin/Addgoods/ajaxData
INFO: [ app_begin ] --START--
INFO: Run Behavior\ReadHtmlCacheBehavior [ RunTime:0.000414s ]
INFO: [ app_begin ] --END-- [ RunTime:0.000690s ]
SQL: SHOW COLUMNS FROM `yp_second_sort` [ RunTime:0.0004s ]
SQL: SELECT `name`,`id` FROM `yp_second_sort` WHERE `first_sort_id` = 2  [ RunTime:0.0002s ]

[ 2017-07-31T19:03:36+08:00 ] 192.168.37.178 /thinkphp_3.2.3_full/index.php/Admin/Addgoods/ajaxData
INFO: [ app_begin ] --START--
INFO: Run Behavior\ReadHtmlCacheBehavior [ RunTime:0.000667s ]
INFO: [ app_begin ] --END-- [ RunTime:0.001104s ]
SQL: SHOW COLUMNS FROM `yp_second_sort` [ RunTime:0.0005s ]
SQL: SELECT `name`,`id` FROM `yp_second_sort` WHERE `first_sort_id` = 1  [ RunTime:0.0003s ]

[ 2017-07-31T19:04:15+08:00 ] 192.168.37.178 /thinkphp_3.2.3_full/index.php/Admin/Addgoods/ajaxData
INFO: [ app_begin ] --START--
INFO: Run Behavior\ReadHtmlCacheBehavior [ RunTime:0.000681s ]
INFO: [ app_begin ] --END-- [ RunTime:0.001112s ]
SQL: SHOW COLUMNS FROM `yp_second_sort` [ RunTime:0.0005s ]
SQL: SELECT `name`,`id` FROM `yp_second_sort` WHERE `first_sort_id` = 2  [ RunTime:0.0002s ]

[ 2017-07-31T19:19:16+08:00 ] 192.168.37.178 /thinkphp_3.2.3_full/index.php/Admin/Classify/ajaxshowClassify
INFO: [ app_begin ] --START--
INFO: Run Behavior\ReadHtmlCacheBehavior [ RunTime:0.000603s ]
INFO: [ app_begin ] --END-- [ RunTime:0.001086s ]
SQL: SHOW COLUMNS FROM `yp_second_sort` [ RunTime:0.0009s ]
SQL: SELECT `id`,`name` FROM `yp_second_sort` WHERE `first_sort_id` = 1  [ RunTime:0.0003s ]

[ 2017-07-31T19:19:19+08:00 ] 192.168.37.178 /thinkphp_3.2.3_full/index.php/Admin/Classify/ajaxshowClassify
INFO: [ app_begin ] --START--
INFO: Run Behavior\ReadHtmlCacheBehavior [ RunTime:0.000230s ]
INFO: [ app_begin ] --END-- [ RunTime:0.000396s ]
SQL: SHOW COLUMNS FROM `yp_second_sort` [ RunTime:0.0005s ]
SQL: SELECT `id`,`name` FROM `yp_second_sort` WHERE `first_sort_id` = 2  [ RunTime:0.0002s ]

[ 2017-07-31T19:19:35+08:00 ] 192.168.37.178 /thinkphp_3.2.3_full/index.php/Admin/Classify/ajaxshowClassify
INFO: [ app_begin ] --START--
INFO: Run Behavior\ReadHtmlCacheBehavior [ RunTime:0.001204s ]
INFO: [ app_begin ] --END-- [ RunTime:0.001670s ]
SQL: SHOW COLUMNS FROM `yp_second_sort` [ RunTime:0.0011s ]
SQL: SELECT `id`,`name` FROM `yp_second_sort` WHERE `first_sort_id` = 2  [ RunTime:0.0003s ]

[ 2017-07-31T19:20:08+08:00 ] 192.168.37.178 /thinkphp_3.2.3_full/index.php/Admin/Addgoods/ajaxData
INFO: [ app_begin ] --START--
INFO: Run Behavior\ReadHtmlCacheBehavior [ RunTime:0.000664s ]
INFO: [ app_begin ] --END-- [ RunTime:0.001212s ]
SQL: SHOW COLUMNS FROM `yp_second_sort` [ RunTime:0.0004s ]
SQL: SELECT `name`,`id` FROM `yp_second_sort` WHERE `first_sort_id` = 2  [ RunTime:0.0001s ]

[ 2017-07-31T19:24:18+08:00 ] 192.168.37.178 /thinkphp_3.2.3_full/index.php/Admin/Addgoods/ajaxData
INFO: [ app_begin ] --START--
INFO: Run Behavior\ReadHtmlCacheBehavior [ RunTime:0.000607s ]
INFO: [ app_begin ] --END-- [ RunTime:0.001133s ]
SQL: SHOW COLUMNS FROM `yp_second_sort` [ RunTime:0.0010s ]
SQL: SELECT `name`,`id` FROM `yp_second_sort` WHERE `first_sort_id` = 2  [ RunTime:0.0004s ]

[ 2017-07-31T19:26:40+08:00 ] 192.168.37.178 /thinkphp_3.2.3_full/index.php/Admin/Addgoods/ajaxData
INFO: [ app_begin ] --START--
INFO: Run Behavior\ReadHtmlCacheBehavior [ RunTime:0.000239s ]
INFO: [ app_begin ] --END-- [ RunTime:0.000407s ]
SQL: SHOW COLUMNS FROM `yp_second_sort` [ RunTime:0.0005s ]
SQL: SELECT `name`,`id` FROM `yp_second_sort` WHERE `first_sort_id` = 2  [ RunTime:0.0002s ]

[ 2017-07-31T19:29:00+08:00 ] 192.168.37.178 /thinkphp_3.2.3_full/index.php/Admin/Addgoods/ajaxData
INFO: [ app_begin ] --START--
INFO: Run Behavior\ReadHtmlCacheBehavior [ RunTime:0.000392s ]
INFO: [ app_begin ] --END-- [ RunTime:0.000658s ]
SQL: SHOW COLUMNS FROM `yp_second_sort` [ RunTime:0.0013s ]
SQL: SELECT `name`,`id` FROM `yp_second_sort` WHERE `first_sort_id` = 2  [ RunTime:0.0003s ]

[ 2017-07-31T19:31:12+08:00 ] 192.168.37.178 /thinkphp_3.2.3_full/index.php/Admin/Addgoods/ajaxData
INFO: [ app_begin ] --START--
INFO: Run Behavior\ReadHtmlCacheBehavior [ RunTime:0.000714s ]
INFO: [ app_begin ] --END-- [ RunTime:0.001180s ]
SQL: SHOW COLUMNS FROM `yp_second_sort` [ RunTime:0.0012s ]
SQL: SELECT `name`,`id` FROM `yp_second_sort` WHERE `first_sort_id` = 2  [ RunTime:0.0005s ]

[ 2017-07-31T19:34:19+08:00 ] 192.168.37.178 /thinkphp_3.2.3_full/index.php/Admin/Addgoods/ajaxData
INFO: [ app_begin ] --START--
INFO: Run Behavior\ReadHtmlCacheBehavior [ RunTime:0.000317s ]
INFO: [ app_begin ] --END-- [ RunTime:0.000554s ]
SQL: SHOW COLUMNS FROM `yp_second_sort` [ RunTime:0.0013s ]
SQL: SELECT `name`,`id` FROM `yp_second_sort` WHERE `first_sort_id` = 2  [ RunTime:0.0002s ]

[ 2017-07-31T19:35:44+08:00 ] 192.168.37.178 /thinkphp_3.2.3_full/index.php/Admin/Addgoods/ajaxData
INFO: [ app_begin ] --START--
INFO: Run Behavior\ReadHtmlCacheBehavior [ RunTime:0.000574s ]
INFO: [ app_begin ] --END-- [ RunTime:0.001033s ]
SQL: SHOW COLUMNS FROM `yp_second_sort` [ RunTime:0.0016s ]
SQL: SELECT `name`,`id` FROM `yp_second_sort` WHERE `first_sort_id` = 2  [ RunTime:0.0003s ]

[ 2017-07-31T19:47:06+08:00 ] 192.168.37.178 /thinkphp_3.2.3_full/index.php/Admin/Classify/ajaxshowClassify
INFO: [ app_begin ] --START--
INFO: Run Behavior\ReadHtmlCacheBehavior [ RunTime:0.000406s ]
INFO: [ app_begin ] --END-- [ RunTime:0.000703s ]
SQL: SHOW COLUMNS FROM `yp_second_sort` [ RunTime:0.0006s ]
SQL: SELECT `id`,`name` FROM `yp_second_sort` WHERE `first_sort_id` = 3  [ RunTime:0.0002s ]

[ 2017-07-31T19:47:39+08:00 ] 192.168.37.178 /thinkphp_3.2.3_full/index.php/Admin/Classify/deletesecondClassify
INFO: [ app_begin ] --START--
INFO: Run Behavior\ReadHtmlCacheBehavior [ RunTime:0.000585s ]
INFO: [ app_begin ] --END-- [ RunTime:0.001084s ]
SQL: SHOW COLUMNS FROM `yp_goods` [ RunTime:0.0011s ]
SQL: SELECT `id` FROM `yp_goods` WHERE `second_sort_id` = 7 LIMIT 1   [ RunTime:0.0004s ]
SQL: SHOW COLUMNS FROM `yp_second_sort` [ RunTime:0.0008s ]
SQL: DELETE FROM `yp_second_sort` WHERE `id` = 7 [ RunTime:0.0340s ]

[ 2017-07-31T19:47:43+08:00 ] 192.168.37.178 /thinkphp_3.2.3_full/index.php/Admin/Classify/ajaxshowClassify
INFO: [ app_begin ] --START--
INFO: Run Behavior\ReadHtmlCacheBehavior [ RunTime:0.000721s ]
INFO: [ app_begin ] --END-- [ RunTime:0.001154s ]
SQL: SHOW COLUMNS FROM `yp_second_sort` [ RunTime:0.0004s ]
SQL: SELECT `id`,`name` FROM `yp_second_sort` WHERE `first_sort_id` = 3  [ RunTime:0.0001s ]

[ 2017-07-31T20:34:17+08:00 ] 192.168.37.178 /thinkphp_3.2.3_full/index.php/Admin/Addgoods/ajaxData
INFO: [ app_begin ] --START--
INFO: Run Behavior\ReadHtmlCacheBehavior [ RunTime:0.000582s ]
INFO: [ app_begin ] --END-- [ RunTime:0.000971s ]
SQL: SHOW COLUMNS FROM `yp_second_sort` [ RunTime:0.0009s ]
SQL: SELECT `name`,`id` FROM `yp_second_sort` WHERE `first_sort_id` = 3  [ RunTime:0.0004s ]

[ 2017-07-31T20:37:31+08:00 ] 192.168.37.178 /thinkphp_3.2.3_full/index.php/Admin/Addgoods/ajaxData
INFO: [ app_begin ] --START--
INFO: Run Behavior\ReadHtmlCacheBehavior [ RunTime:0.000611s ]
INFO: [ app_begin ] --END-- [ RunTime:0.001126s ]
SQL: SHOW COLUMNS FROM `yp_second_sort` [ RunTime:0.0009s ]
SQL: SELECT `name`,`id` FROM `yp_second_sort` WHERE `first_sort_id` = 3  [ RunTime:0.0004s ]

[ 2017-07-31T20:41:27+08:00 ] 192.168.37.178 /thinkphp_3.2.3_full/index.php/Admin/Addgoods/ajaxData
INFO: [ app_begin ] --START--
INFO: Run Behavior\ReadHtmlCacheBehavior [ RunTime:0.000540s ]
INFO: [ app_begin ] --END-- [ RunTime:0.001088s ]
SQL: SHOW COLUMNS FROM `yp_second_sort` [ RunTime:0.0009s ]
SQL: SELECT `name`,`id` FROM `yp_second_sort` WHERE `first_sort_id` = 3  [ RunTime:0.0004s ]

[ 2017-07-31T20:44:56+08:00 ] 192.168.37.178 /thinkphp_3.2.3_full/index.php/Admin/Addgoods/ajaxData
INFO: [ app_begin ] --START--
INFO: Run Behavior\ReadHtmlCacheBehavior [ RunTime:0.000751s ]
INFO: [ app_begin ] --END-- [ RunTime:0.001349s ]
SQL: SHOW COLUMNS FROM `yp_second_sort` [ RunTime:0.0005s ]
SQL: SELECT `name`,`id` FROM `yp_second_sort` WHERE `first_sort_id` = 3  [ RunTime:0.0002s ]

[ 2017-07-31T20:47:10+08:00 ] 192.168.37.178 /thinkphp_3.2.3_full/index.php/Admin/Addgoods/ajaxData
INFO: [ app_begin ] --START--
INFO: Run Behavior\ReadHtmlCacheBehavior [ RunTime:0.000728s ]
INFO: [ app_begin ] --END-- [ RunTime:0.001167s ]
SQL: SHOW COLUMNS FROM `yp_second_sort` [ RunTime:0.0005s ]
SQL: SELECT `name`,`id` FROM `yp_second_sort` WHERE `first_sort_id` = 1  [ RunTime:0.0002s ]

[ 2017-07-31T20:47:12+08:00 ] 192.168.37.178 /thinkphp_3.2.3_full/index.php/Admin/Addgoods/ajaxData
INFO: [ app_begin ] --START--
INFO: Run Behavior\ReadHtmlCacheBehavior [ RunTime:0.000540s ]
INFO: [ app_begin ] --END-- [ RunTime:0.001041s ]
SQL: SHOW COLUMNS FROM `yp_second_sort` [ RunTime:0.0008s ]
SQL: SELECT `name`,`id` FROM `yp_second_sort` WHERE `first_sort_id` = 3  [ RunTime:0.0003s ]

[ 2017-07-31T20:49:50+08:00 ] 192.168.37.178 /thinkphp_3.2.3_full/index.php/Admin/Addgoods/ajaxData
INFO: [ app_begin ] --START--
INFO: Run Behavior\ReadHtmlCacheBehavior [ RunTime:0.000676s ]
INFO: [ app_begin ] --END-- [ RunTime:0.001100s ]
SQL: SHOW COLUMNS FROM `yp_second_sort` [ RunTime:0.0005s ]
SQL: SELECT `name`,`id` FROM `yp_second_sort` WHERE `first_sort_id` = 3  [ RunTime:0.0002s ]

[ 2017-07-31T20:52:01+08:00 ] 192.168.37.178 /thinkphp_3.2.3_full/index.php/Admin/Addgoods/ajaxData
INFO: [ app_begin ] --START--
INFO: Run Behavior\ReadHtmlCacheBehavior [ RunTime:0.000565s ]
INFO: [ app_begin ] --END-- [ RunTime:0.001190s ]
SQL: SHOW COLUMNS FROM `yp_second_sort` [ RunTime:0.0009s ]
SQL: SELECT `name`,`id` FROM `yp_second_sort` WHERE `first_sort_id` = 3  [ RunTime:0.0004s ]

[ 2017-07-31T21:00:52+08:00 ] 192.168.37.178 /thinkphp_3.2.3_full/index.php/Admin/Addgoods/ajaxData
INFO: [ app_begin ] --START--
INFO: Run Behavior\ReadHtmlCacheBehavior [ RunTime:0.000660s ]
INFO: [ app_begin ] --END-- [ RunTime:0.001096s ]
SQL: SHOW COLUMNS FROM `yp_second_sort` [ RunTime:0.0009s ]
SQL: SELECT `name`,`id` FROM `yp_second_sort` WHERE `first_sort_id` = 3  [ RunTime:0.0003s ]

[ 2017-07-31T21:11:54+08:00 ] 192.168.37.178 /thinkphp_3.2.3_full/index.php/Admin/Addgoods/ajaxData
INFO: [ app_begin ] --START--
INFO: Run Behavior\ReadHtmlCacheBehavior [ RunTime:0.000328s ]
INFO: [ app_begin ] --END-- [ RunTime:0.000566s ]
SQL: SHOW COLUMNS FROM `yp_second_sort` [ RunTime:0.0005s ]
SQL: SELECT `name`,`id` FROM `yp_second_sort` WHERE `first_sort_id` = 3  [ RunTime:0.0002s ]

[ 2017-07-31T21:14:27+08:00 ] 192.168.37.178 /thinkphp_3.2.3_full/index.php/Admin/Addgoods/ajaxData
INFO: [ app_begin ] --START--
INFO: Run Behavior\ReadHtmlCacheBehavior [ RunTime:0.000539s ]
INFO: [ app_begin ] --END-- [ RunTime:0.000977s ]
SQL: SHOW COLUMNS FROM `yp_second_sort` [ RunTime:0.0009s ]
SQL: SELECT `name`,`id` FROM `yp_second_sort` WHERE `first_sort_id` = 3  [ RunTime:0.0003s ]

[ 2017-07-31T21:19:27+08:00 ] 192.168.37.178 /thinkphp_3.2.3_full/index.php/Admin/Addgoods/ajaxData
INFO: [ app_begin ] --START--
INFO: Run Behavior\ReadHtmlCacheBehavior [ RunTime:0.000573s ]
INFO: [ app_begin ] --END-- [ RunTime:0.001029s ]
SQL: SHOW COLUMNS FROM `yp_second_sort` [ RunTime:0.0009s ]
SQL: SELECT `name`,`id` FROM `yp_second_sort` WHERE `first_sort_id` = 3  [ RunTime:0.0005s ]

[ 2017-07-31T21:20:56+08:00 ] 192.168.37.178 /thinkphp_3.2.3_full/index.php/Admin/Showgoods/changeStatus
INFO: [ app_begin ] --START--
INFO: Run Behavior\ReadHtmlCacheBehavior [ RunTime:0.000679s ]
INFO: [ app_begin ] --END-- [ RunTime:0.001284s ]
SQL: SHOW COLUMNS FROM `yp_goods` [ RunTime:0.0004s ]
SQL: UPDATE `yp_goods` SET `goods_status`='2' WHERE `id` = 39 [ RunTime:0.0429s ]

[ 2017-07-31T21:21:45+08:00 ] 192.168.37.178 /thinkphp_3.2.3_full/index.php/Admin/Showgoods/changeStatus
INFO: [ app_begin ] --START--
INFO: Run Behavior\ReadHtmlCacheBehavior [ RunTime:0.000681s ]
INFO: [ app_begin ] --END-- [ RunTime:0.001124s ]
SQL: SHOW COLUMNS FROM `yp_goods` [ RunTime:0.0005s ]
SQL: UPDATE `yp_goods` SET `goods_status`='2' WHERE `id` = 38 [ RunTime:0.0399s ]

[ 2017-07-31T21:22:25+08:00 ] 192.168.37.178 /thinkphp_3.2.3_full/index.php/Admin/Showgoods/changeStatus
INFO: [ app_begin ] --START--
INFO: Run Behavior\ReadHtmlCacheBehavior [ RunTime:0.000323s ]
INFO: [ app_begin ] --END-- [ RunTime:0.000558s ]
SQL: SHOW COLUMNS FROM `yp_goods` [ RunTime:0.0006s ]
SQL: UPDATE `yp_goods` SET `goods_status`='2' WHERE `id` = 37 [ RunTime:0.0859s ]

[ 2017-07-31T21:22:28+08:00 ] 192.168.37.178 /thinkphp_3.2.3_full/index.php/Admin/Showgoods/changeStatus
INFO: [ app_begin ] --START--
INFO: Run Behavior\ReadHtmlCacheBehavior [ RunTime:0.000734s ]
INFO: [ app_begin ] --END-- [ RunTime:0.001353s ]
SQL: SHOW COLUMNS FROM `yp_goods` [ RunTime:0.0005s ]
SQL: UPDATE `yp_goods` SET `goods_status`='2' WHERE `id` = 36 [ RunTime:0.0557s ]

[ 2017-07-31T21:23:41+08:00 ] 192.168.37.178 /thinkphp_3.2.3_full/index.php/Admin/Addgoods/ajaxData
INFO: [ app_begin ] --START--
INFO: Run Behavior\ReadHtmlCacheBehavior [ RunTime:0.000757s ]
INFO: [ app_begin ] --END-- [ RunTime:0.001306s ]
SQL: SHOW COLUMNS FROM `yp_second_sort` [ RunTime:0.0009s ]
SQL: SELECT `name`,`id` FROM `yp_second_sort` WHERE `first_sort_id` = 3  [ RunTime:0.0004s ]

[ 2017-07-31T21:26:07+08:00 ] 192.168.37.178 /thinkphp_3.2.3_full/index.php/Admin/Addgoods/ajaxData
INFO: [ app_begin ] --START--
INFO: Run Behavior\ReadHtmlCacheBehavior [ RunTime:0.000547s ]
INFO: [ app_begin ] --END-- [ RunTime:0.000994s ]
SQL: SHOW COLUMNS FROM `yp_second_sort` [ RunTime:0.0008s ]
SQL: SELECT `name`,`id` FROM `yp_second_sort` WHERE `first_sort_id` = 3  [ RunTime:0.0004s ]

[ 2017-07-31T21:27:32+08:00 ] 192.168.37.178 /thinkphp_3.2.3_full/index.php/Admin/Addgoods/ajaxData
INFO: [ app_begin ] --START--
INFO: Run Behavior\ReadHtmlCacheBehavior [ RunTime:0.000659s ]
INFO: [ app_begin ] --END-- [ RunTime:0.001247s ]
SQL: SHOW COLUMNS FROM `yp_second_sort` [ RunTime:0.0004s ]
SQL: SELECT `name`,`id` FROM `yp_second_sort` WHERE `first_sort_id` = 3  [ RunTime:0.0001s ]

[ 2017-07-31T22:06:52+08:00 ] 192.168.37.178 /thinkphp_3.2.3_full/index.php/Admin/Classify/ajaxshowClassify
INFO: [ app_begin ] --START--
INFO: Run Behavior\ReadHtmlCacheBehavior [ RunTime:0.000581s ]
INFO: [ app_begin ] --END-- [ RunTime:0.001007s ]
SQL: SHOW COLUMNS FROM `yp_second_sort` [ RunTime:0.0005s ]
SQL: SELECT `id`,`name` FROM `yp_second_sort` WHERE `first_sort_id` = 4  [ RunTime:0.0002s ]

[ 2017-07-31T22:07:06+08:00 ] 192.168.37.178 /thinkphp_3.2.3_full/index.php/Admin/Classify/deletesecondClassify
INFO: [ app_begin ] --START--
INFO: Run Behavior\ReadHtmlCacheBehavior [ RunTime:0.000636s ]
INFO: [ app_begin ] --END-- [ RunTime:0.001049s ]
SQL: SHOW COLUMNS FROM `yp_goods` [ RunTime:0.0016s ]
SQL: SELECT `id` FROM `yp_goods` WHERE `second_sort_id` = 10 LIMIT 1   [ RunTime:0.0002s ]
SQL: SHOW COLUMNS FROM `yp_second_sort` [ RunTime:0.0004s ]
SQL: DELETE FROM `yp_second_sort` WHERE `id` = 10 [ RunTime:0.0420s ]

[ 2017-07-31T22:07:11+08:00 ] 192.168.37.178 /thinkphp_3.2.3_full/index.php/Admin/Classify/ajaxshowClassify
INFO: [ app_begin ] --START--
INFO: Run Behavior\ReadHtmlCacheBehavior [ RunTime:0.000691s ]
INFO: [ app_begin ] --END-- [ RunTime:0.001156s ]
SQL: SHOW COLUMNS FROM `yp_second_sort` [ RunTime:0.0009s ]
SQL: SELECT `id`,`name` FROM `yp_second_sort` WHERE `first_sort_id` = 4  [ RunTime:0.0003s ]

[ 2017-07-31T22:08:00+08:00 ] 192.168.37.178 /thinkphp_3.2.3_full/index.php/Admin/Classify/ajaxshowClassify
INFO: [ app_begin ] --START--
INFO: Run Behavior\ReadHtmlCacheBehavior [ RunTime:0.000455s ]
INFO: [ app_begin ] --END-- [ RunTime:0.001014s ]
SQL: SHOW COLUMNS FROM `yp_second_sort` [ RunTime:0.0007s ]
SQL: SELECT `id`,`name` FROM `yp_second_sort` WHERE `first_sort_id` = 6  [ RunTime:0.0003s ]

[ 2017-07-31T22:58:03+08:00 ] 192.168.37.166 /thinkphp_3.2.3_full/index.php/Admin/Auth
ERR: 无法加载控制器:Auth

[ 2017-07-31T23:05:33+08:00 ] 192.168.37.178 /thinkphp_3.2.3_full/index.php/Admin/Addgoods/ajaxData
INFO: [ app_begin ] --START--
INFO: Run Behavior\ReadHtmlCacheBehavior [ RunTime:0.000621s ]
INFO: [ app_begin ] --END-- [ RunTime:0.001019s ]
SQL: SHOW COLUMNS FROM `yp_second_sort` [ RunTime:0.0010s ]
SQL: SELECT `name`,`id` FROM `yp_second_sort` WHERE `first_sort_id` = 4  [ RunTime:0.0005s ]

[ 2017-07-31T23:15:30+08:00 ] 192.168.37.178 /thinkphp_3.2.3_full/index.php/Admin/Addgoods/ajaxData
INFO: [ app_begin ] --START--
INFO: Run Behavior\ReadHtmlCacheBehavior [ RunTime:0.000714s ]
INFO: [ app_begin ] --END-- [ RunTime:0.001166s ]
SQL: SHOW COLUMNS FROM `yp_second_sort` [ RunTime:0.0009s ]
SQL: SELECT `name`,`id` FROM `yp_second_sort` WHERE `first_sort_id` = 4  [ RunTime:0.0004s ]

[ 2017-07-31T23:17:39+08:00 ] 192.168.37.178 /thinkphp_3.2.3_full/index.php/Admin/Addgoods/ajaxData
INFO: [ app_begin ] --START--
INFO: Run Behavior\ReadHtmlCacheBehavior [ RunTime:0.000539s ]
INFO: [ app_begin ] --END-- [ RunTime:0.000986s ]
SQL: SHOW COLUMNS FROM `yp_second_sort` [ RunTime:0.0008s ]
SQL: SELECT `name`,`id` FROM `yp_second_sort` WHERE `first_sort_id` = 4  [ RunTime:0.0003s ]

[ 2017-07-31T23:20:30+08:00 ] 192.168.37.178 /thinkphp_3.2.3_full/index.php/Admin/Addgoods/ajaxData
INFO: [ app_begin ] --START--
INFO: Run Behavior\ReadHtmlCacheBehavior [ RunTime:0.000637s ]
INFO: [ app_begin ] --END-- [ RunTime:0.001057s ]
SQL: SHOW COLUMNS FROM `yp_second_sort` [ RunTime:0.0005s ]
SQL: SELECT `name`,`id` FROM `yp_second_sort` WHERE `first_sort_id` = 4  [ RunTime:0.0003s ]

[ 2017-07-31T23:23:01+08:00 ] 192.168.37.178 /thinkphp_3.2.3_full/index.php/Admin/Addgoods/ajaxData
INFO: [ app_begin ] --START--
INFO: Run Behavior\ReadHtmlCacheBehavior [ RunTime:0.000714s ]
INFO: [ app_begin ] --END-- [ RunTime:0.001225s ]
SQL: SHOW COLUMNS FROM `yp_second_sort` [ RunTime:0.0010s ]
SQL: SELECT `name`,`id` FROM `yp_second_sort` WHERE `first_sort_id` = 4  [ RunTime:0.0004s ]

[ 2017-07-31T23:27:58+08:00 ] 192.168.37.178 /thinkphp_3.2.3_full/index.php/Admin/Addgoods/ajaxData
INFO: [ app_begin ] --START--
INFO: Run Behavior\ReadHtmlCacheBehavior [ RunTime:0.000265s ]
INFO: [ app_begin ] --END-- [ RunTime:0.000528s ]
SQL: SHOW COLUMNS FROM `yp_second_sort` [ RunTime:0.0006s ]
SQL: SELECT `name`,`id` FROM `yp_second_sort` WHERE `first_sort_id` = 3  [ RunTime:0.0004s ]

[ 2017-07-31T23:27:59+08:00 ] 192.168.37.166 /thinkphp_3.2.3_full/index.php/Admin/Comment/index/p/1.html
ERR: Think\Model:orders方法不存在！

[ 2017-07-31T23:28:01+08:00 ] 192.168.37.178 /thinkphp_3.2.3_full/index.php/Admin/Addgoods/ajaxData
INFO: [ app_begin ] --START--
INFO: Run Behavior\ReadHtmlCacheBehavior [ RunTime:0.000642s ]
INFO: [ app_begin ] --END-- [ RunTime:0.001071s ]
SQL: SHOW COLUMNS FROM `yp_second_sort` [ RunTime:0.0010s ]
SQL: SELECT `name`,`id` FROM `yp_second_sort` WHERE `first_sort_id` = 4  [ RunTime:0.0005s ]

[ 2017-07-31T23:29:57+08:00 ] 192.168.37.178 /thinkphp_3.2.3_full/index.php/Admin/Addgoods/ajaxData
INFO: [ app_begin ] --START--
INFO: Run Behavior\ReadHtmlCacheBehavior [ RunTime:0.000542s ]
INFO: [ app_begin ] --END-- [ RunTime:0.000980s ]
SQL: SHOW COLUMNS FROM `yp_second_sort` [ RunTime:0.0009s ]
SQL: SELECT `name`,`id` FROM `yp_second_sort` WHERE `first_sort_id` = 4  [ RunTime:0.0006s ]

[ 2017-07-31T23:35:56+08:00 ] 192.168.37.178 /thinkphp_3.2.3_full/index.php/Admin/Addgoods/ajaxData
INFO: [ app_begin ] --START--
INFO: Run Behavior\ReadHtmlCacheBehavior [ RunTime:0.000585s ]
INFO: [ app_begin ] --END-- [ RunTime:0.001205s ]
SQL: SHOW COLUMNS FROM `yp_second_sort` [ RunTime:0.0009s ]
SQL: SELECT `name`,`id` FROM `yp_second_sort` WHERE `first_sort_id` = 4  [ RunTime:0.0003s ]

[ 2017-07-31T23:42:28+08:00 ] 192.168.37.178 /thinkphp_3.2.3_full/index.php/Admin/Addgoods/ajaxData
INFO: [ app_begin ] --START--
INFO: Run Behavior\ReadHtmlCacheBehavior [ RunTime:0.000602s ]
INFO: [ app_begin ] --END-- [ RunTime:0.001040s ]
SQL: SHOW COLUMNS FROM `yp_second_sort` [ RunTime:0.0008s ]
SQL: SELECT `name`,`id` FROM `yp_second_sort` WHERE `first_sort_id` = 4  [ RunTime:0.0003s ]

[ 2017-07-31T23:44:04+08:00 ] 192.168.37.178 /thinkphp_3.2.3_full/index.php/Admin/Addgoods/ajaxData
INFO: [ app_begin ] --START--
INFO: Run Behavior\ReadHtmlCacheBehavior [ RunTime:0.000246s ]
INFO: [ app_begin ] --END-- [ RunTime:0.000431s ]
SQL: SHOW COLUMNS FROM `yp_second_sort` [ RunTime:0.0005s ]
SQL: SELECT `name`,`id` FROM `yp_second_sort` WHERE `first_sort_id` = 4  [ RunTime:0.0002s ]

[ 2017-07-31T23:45:50+08:00 ] 192.168.37.178 /thinkphp_3.2.3_full/index.php/Admin/Addgoods/ajaxData
INFO: [ app_begin ] --START--
INFO: Run Behavior\ReadHtmlCacheBehavior [ RunTime:0.000547s ]
INFO: [ app_begin ] --END-- [ RunTime:0.001073s ]
SQL: SHOW COLUMNS FROM `yp_second_sort` [ RunTime:0.0008s ]
SQL: SELECT `name`,`id` FROM `yp_second_sort` WHERE `first_sort_id` = 4  [ RunTime:0.0004s ]

[ 2017-07-31T23:48:12+08:00 ] 192.168.37.166 /thinkphp_3.2.3_full/index.php/Admin/Comment/delComment.html
INFO: [ app_begin ] --START--
INFO: Run Behavior\ReadHtmlCacheBehavior [ RunTime:0.000783s ]
INFO: [ app_begin ] --END-- [ RunTime:0.001100s ]
SQL: SHOW COLUMNS FROM `yp_assess` [ RunTime:0.0006s ]
SQL: DELETE FROM `yp_assess` WHERE `id` = 1 [ RunTime:0.0038s ]

[ 2017-07-31T23:49:23+08:00 ] 192.168.37.178 /thinkphp_3.2.3_full/index.php/Admin/Addgoods/ajaxData
INFO: [ app_begin ] --START--
INFO: Run Behavior\ReadHtmlCacheBehavior [ RunTime:0.000566s ]
INFO: [ app_begin ] --END-- [ RunTime:0.001040s ]
SQL: SHOW COLUMNS FROM `yp_second_sort` [ RunTime:0.0009s ]
SQL: SELECT `name`,`id` FROM `yp_second_sort` WHERE `first_sort_id` = 4  [ RunTime:0.0004s ]

[ 2017-07-31T23:52:35+08:00 ] 192.168.37.178 /thinkphp_3.2.3_full/index.php/Admin/Addgoods/ajaxData
INFO: [ app_begin ] --START--
INFO: Run Behavior\ReadHtmlCacheBehavior [ RunTime:0.000578s ]
INFO: [ app_begin ] --END-- [ RunTime:0.000988s ]
SQL: SHOW COLUMNS FROM `yp_second_sort` [ RunTime:0.0006s ]
SQL: SELECT `name`,`id` FROM `yp_second_sort` WHERE `first_sort_id` = 4  [ RunTime:0.0002s ]

[ 2017-07-31T23:53:05+08:00 ] 192.168.37.166 /thinkphp_3.2.3_full/index.php/Admin/User/changestatus.html
INFO: [ app_begin ] --START--
INFO: Run Behavior\ReadHtmlCacheBehavior [ RunTime:0.000425s ]
INFO: [ app_begin ] --END-- [ RunTime:0.000796s ]
SQL: SHOW COLUMNS FROM `yp_user` [ RunTime:0.0008s ]
SQL: UPDATE `yp_user` SET `status`='1' WHERE `id` = 8 [ RunTime:0.0146s ]

[ 2017-07-31T23:53:12+08:00 ] 192.168.37.166 /thinkphp_3.2.3_full/index.php/Admin/User/changestatus.html
INFO: [ app_begin ] --START--
INFO: Run Behavior\ReadHtmlCacheBehavior [ RunTime:0.000502s ]
INFO: [ app_begin ] --END-- [ RunTime:0.000812s ]
SQL: SHOW COLUMNS FROM `yp_user` [ RunTime:0.0007s ]
SQL: UPDATE `yp_user` SET `status`='2' WHERE `id` = 8 [ RunTime:0.0122s ]

[ 2017-07-31T23:53:16+08:00 ] 192.168.37.166 /thinkphp_3.2.3_full/index.php/Admin/User/changestatus.html
INFO: [ app_begin ] --START--
INFO: Run Behavior\ReadHtmlCacheBehavior [ RunTime:0.000869s ]
INFO: [ app_begin ] --END-- [ RunTime:0.001302s ]
SQL: SHOW COLUMNS FROM `yp_user` [ RunTime:0.0015s ]
SQL: UPDATE `yp_user` SET `status`='2' WHERE `id` = 1 [ RunTime:0.0060s ]

[ 2017-07-31T23:53:16+08:00 ] 192.168.37.166 /thinkphp_3.2.3_full/index.php/Admin/User/changestatus.html
INFO: [ app_begin ] --START--
INFO: Run Behavior\ReadHtmlCacheBehavior [ RunTime:0.001099s ]
INFO: [ app_begin ] --END-- [ RunTime:0.001976s ]
SQL: SHOW COLUMNS FROM `yp_user` [ RunTime:0.0006s ]
SQL: UPDATE `yp_user` SET `status`='2' WHERE `id` = 9 [ RunTime:0.0137s ]

[ 2017-07-31T23:56:13+08:00 ] 192.168.37.178 /thinkphp_3.2.3_full/index.php/Admin/Addgoods/ajaxData
INFO: [ app_begin ] --START--
INFO: Run Behavior\ReadHtmlCacheBehavior [ RunTime:0.000611s ]
INFO: [ app_begin ] --END-- [ RunTime:0.001017s ]
SQL: SHOW COLUMNS FROM `yp_second_sort` [ RunTime:0.0004s ]
SQL: SELECT `name`,`id` FROM `yp_second_sort` WHERE `first_sort_id` = 4  [ RunTime:0.0002s ]

